<?xml version="1.0" encoding="UTF-8"?>
<testsuite xmlns:xsi="http://www.w3.org/2001/XMLSchema-instance" xsi:noNamespaceSchemaLocation="https://maven.apache.org/surefire/maven-surefire-plugin/xsd/surefire-test-report-3.0.xsd" version="3.0" name="Smoke steps" time="55.768" tests="18" errors="18" skipped="0" failures="0">
  <properties>
[...]
</properties>
  <testcase name="Predefined steps for Google" classname="Smoke steps" time="6.283">
    <error message="The step &apos;I open url &quot;https://google.com&quot;&apos; and 6 other step(s) are undefined.&#10;You can implement these steps using the snippet(s) below:&#10;&#10;@Given(&quot;I open url {string}&quot;)&#10;public void i_open_url(String string) {&#10;    // Write code here that turns the phrase above into concrete actions&#10;    throw new io.cucumber.java.PendingException();&#10;}&#10;Given(&quot;I open url {string}&quot;, (String string) -&gt; {&#10;    // Write code here that turns the phrase above into concrete actions&#10;    throw new io.cucumber.java8.PendingException();&#10;});&#10;@Then(&quot;I should see page title as {string}&quot;)&#10;public void i_should_see_page_title_as(String string) {&#10;    // Write code here that turns the phrase above into concrete actions&#10;    throw new io.cucumber.java.PendingException();&#10;}&#10;Then(&quot;I should see page title as {string}&quot;, (String string) -&gt; {&#10;    // Write code here that turns the phrase above into concrete actions&#10;    throw new io.cucumber.java8.PendingException();&#10;});&#10;@Then(&quot;element with xpath {string} should be present&quot;)&#10;public void element_with_xpath_should_be_present(String string) {&#10;    // Write code here that turns the phrase above into concrete actions&#10;    throw new io.cucumber.java.PendingException();&#10;}&#10;Then(&quot;element with xpath {string} should be present&quot;, (String string) -&gt; {&#10;    // Write code here that turns the phrase above into concrete actions&#10;    throw new io.cucumber.java8.PendingException();&#10;});&#10;@When(&quot;I type {string} into element with xpath {string}&quot;)&#10;public void i_type_into_element_with_xpath(String string, String string2) {&#10;    // Write code here that turns the phrase above into concrete actions&#10;    throw new io.cucumber.java.PendingException();&#10;}&#10;When(&quot;I type {string} into element with xpath {string}&quot;, (String string, String string2) -&gt; {&#10;    // Write code here that turns the phrase above into concrete actions&#10;    throw new io.cucumber.java8.PendingException();&#10;});&#10;@Then(&quot;I click on element using JavaScript with xpath {string}&quot;)&#10;public void i_click_on_element_using_java_script_with_xpath(String string) {&#10;    // Write code here that turns the phrase above into concrete actions&#10;    throw new io.cucumber.java.PendingException();&#10;}&#10;Then(&quot;I click on element using JavaScript with xpath {string}&quot;, (String string) -&gt; {&#10;    // Write code here that turns the phrase above into concrete actions&#10;    throw new io.cucumber.java8.PendingException();&#10;});&#10;@Then(&quot;I wait for element with xpath {string} to be present&quot;)&#10;public void i_wait_for_element_with_xpath_to_be_present(String string) {&#10;    // Write code here that turns the phrase above into concrete actions&#10;    throw new io.cucumber.java.PendingException();&#10;}&#10;Then(&quot;I wait for element with xpath {string} to be present&quot;, (String string) -&gt; {&#10;    // Write code here that turns the phrase above into concrete actions&#10;    throw new io.cucumber.java8.PendingException();&#10;});&#10;@Then(&quot;element with xpath {string} should contain text {string}&quot;)&#10;public void element_with_xpath_should_contain_text(String string, String string2) {&#10;    // Write code here that turns the phrase above into concrete actions&#10;    throw new io.cucumber.java.PendingException();&#10;}&#10;Then(&quot;element with xpath {string} should contain text {string}&quot;, (String string, String string2) -&gt; {&#10;    // Write code here that turns the phrase above into concrete actions&#10;    throw new io.cucumber.java8.PendingException();&#10;});&#10;" type="io.cucumber.junit.UndefinedStepException"><![CDATA[io.cucumber.junit.UndefinedStepException: 
The step 'I open url "https://google.com"' and 6 other step(s) are undefined.
You can implement these steps using the snippet(s) below:

@Given("I open url {string}")
public void i_open_url(String string) {
    // Write code here that turns the phrase above into concrete actions
    throw new io.cucumber.java.PendingException();
}
Given("I open url {string}", (String string) -> {
    // Write code here that turns the phrase above into concrete actions
    throw new io.cucumber.java8.PendingException();
});
@Then("I should see page title as {string}")
public void i_should_see_page_title_as(String string) {
    // Write code here that turns the phrase above into concrete actions
    throw new io.cucumber.java.PendingException();
}
Then("I should see page title as {string}", (String string) -> {
    // Write code here that turns the phrase above into concrete actions
    throw new io.cucumber.java8.PendingException();
});
@Then("element with xpath {string} should be present")
public void element_with_xpath_should_be_present(String string) {
    // Write code here that turns the phrase above into concrete actions
    throw new io.cucumber.java.PendingException();
}
Then("element with xpath {string} should be present", (String string) -> {
    // Write code here that turns the phrase above into concrete actions
    throw new io.cucumber.java8.PendingException();
});
@When("I type {string} into element with xpath {string}")
public void i_type_into_element_with_xpath(String string, String string2) {
    // Write code here that turns the phrase above into concrete actions
    throw new io.cucumber.java.PendingException();
}
When("I type {string} into element with xpath {string}", (String string, String string2) -> {
    // Write code here that turns the phrase above into concrete actions
    throw new io.cucumber.java8.PendingException();
});
@Then("I click on element using JavaScript with xpath {string}")
public void i_click_on_element_using_java_script_with_xpath(String string) {
    // Write code here that turns the phrase above into concrete actions
    throw new io.cucumber.java.PendingException();
}
Then("I click on element using JavaScript with xpath {string}", (String string) -> {
    // Write code here that turns the phrase above into concrete actions
    throw new io.cucumber.java8.PendingException();
});
@Then("I wait for element with xpath {string} to be present")
public void i_wait_for_element_with_xpath_to_be_present(String string) {
    // Write code here that turns the phrase above into concrete actions
    throw new io.cucumber.java.PendingException();
}
Then("I wait for element with xpath {string} to be present", (String string) -> {
    // Write code here that turns the phrase above into concrete actions
    throw new io.cucumber.java8.PendingException();
});
@Then("element with xpath {string} should contain text {string}")
public void element_with_xpath_should_contain_text(String string, String string2) {
    // Write code here that turns the phrase above into concrete actions
    throw new io.cucumber.java.PendingException();
}
Then("element with xpath {string} should contain text {string}", (String string, String string2) -> {
    // Write code here that turns the phrase above into concrete actions
    throw new io.cucumber.java8.PendingException();
});

]]></error>
    <system-out><![CDATA[INFO 10:09:29:908 wdm.WebDriverManager resolveDriverVersion:1197 Using chromedriver 109.0.5414.74 (resolved driver for Chrome 109)
INFO 10:09:30:001 wdm.WebDriverManager exportDriver:1252 Exporting webdriver.chrome.driver as C:\Users\ilyas\.cache\selenium\chromedriver\win32\109.0.5414.74\chromedriver.exe

@predefined @predefined1
Scenario: Predefined steps for Google                                                    &amp#27;[90m# src/test/resources/features/predefined.feature:5&amp#27;[0m
  &amp#27;[33mGiven &amp#27;[0m&amp#27;[33mI open url "https://google.com"&amp#27;[0m
  &amp#27;[36mThen &amp#27;[0m&amp#27;[36mI should see page title as "Google"&amp#27;[0m
  &amp#27;[36mThen &amp#27;[0m&amp#27;[36melement with xpath "//input[@name='q']" should be present&amp#27;[0m
  &amp#27;[36mWhen &amp#27;[0m&amp#27;[36mI type "Behavior Driven Development" into element with xpath "//input[@name='q']"&amp#27;[0m
  &amp#27;[36mThen &amp#27;[0m&amp#27;[36mI clickWARN 10:09:33:706 handler.WebSocketHandler handleException:142 onError
java.net.SocketException: Connection reset
	at sun.nio.ch.SocketChannelImpl.throwConnectionReset(SocketChannelImpl.java:401) ~[?:?]
	at sun.nio.ch.SocketChannelImpl.read(SocketChannelImpl.java:434) ~[?:?]
	at io.netty.buffer.PooledByteBuf.setBytes(PooledByteBuf.java:258) ~[netty-buffer-4.1.77.Final.jar:4.1.77.Final]
	at io.netty.buffer.AbstractByteBuf.writeBytes(AbstractByteBuf.java:1132) ~[netty-buffer-4.1.77.Final.jar:4.1.77.Final]
	at io.netty.channel.socket.nio.NioSocketChannel.doReadBytes(NioSocketChannel.java:357) ~[netty-transport-4.1.77.Final.jar:4.1.77.Final]
	at io.netty.channel.nio.AbstractNioByteChannel$NioByteUnsafe.read(AbstractNioByteChannel.java:151) ~[netty-transport-4.1.77.Final.jar:4.1.77.Final]
	at io.netty.channel.nio.NioEventLoop.processSelectedKey(NioEventLoop.java:722) ~[netty-transport-4.1.77.Final.jar:4.1.77.Final]
	at io.netty.channel.nio.NioEventLoop.processSelectedKeysOptimized(NioEventLoop.java:658) ~[netty-transport-4.1.77.Final.jar:4.1.77.Final]
	at io.netty.channel.nio.NioEventLoop.processSelectedKeys(NioEventLoop.java:584) ~[netty-transport-4.1.77.Final.jar:4.1.77.Final]
	at io.netty.channel.nio.NioEventLoop.run(NioEventLoop.java:496) ~[netty-transport-4.1.77.Final.jar:4.1.77.Final]
	at io.netty.util.concurrent.SingleThreadEventExecutor$4.run(SingleThreadEventExecutor.java:995) ~[netty-common-4.1.77.Final.jar:4.1.77.Final]
	at io.netty.util.internal.ThreadExecutorMap$2.run(ThreadExecutorMap.java:74) ~[netty-common-4.1.77.Final.jar:4.1.77.Final]
	at io.netty.util.concurrent.FastThreadLocalRunnable.run(FastThreadLocalRunnable.java:30) ~[netty-common-4.1.77.Final.jar:4.1.77.Final]
	at java.lang.Thread.run(Thread.java:1589) ~[?:?]
]]></system-out>
    <system-err><![CDATA[ChromeDriver was started successfully.
Feb 01, 2023 10:09:33 AM org.openqa.selenium.remote.ProtocolHandshake createSession
INFO: Detected upstream dialect: W3C
Feb 01, 2023 10:09:33 AM org.openqa.selenium.devtools.CdpVersionFinder findNearestMatch
WARNING: Unable to find an exact match for CDP version 109, so returning the closest version found: a no-op implementation
Feb 01, 2023 10:09:33 AM org.openqa.selenium.devtools.CdpVersionFinder findNearestMatch
INFO: Unable to find CDP implementation matching 109.
Feb 01, 2023 10:09:33 AM org.openqa.selenium.chromium.ChromiumDriver lambda$new$3
WARNING: Unable to find version of CDP to use for . You may need to include a dependency on a specific version of the CDP using something similar to `org.seleniumhq.selenium:selenium-devtools-v86:4.2.1` where the version ("v86") matches the version of the chromium-based browser you're using and the version number of the artifact is the same as Selenium's.
Feb 01, 2023 10:09:33 AM org.openqa.selenium.remote.http.WebSocket$Listener onError
WARNING: Connection reset
java.net.SocketException: Connection reset
	at java.base/sun.nio.ch.SocketChannelImpl.throwConnectionReset(SocketChannelImpl.java:401)
	at java.base/sun.nio.ch.SocketChannelImpl.read(SocketChannelImpl.java:434)
	at io.netty.buffer.PooledByteBuf.setBytes(PooledByteBuf.java:258)
	at io.netty.buffer.AbstractByteBuf.writeBytes(AbstractByteBuf.java:1132)
	at io.netty.channel.socket.nio.NioSocketChannel.doReadBytes(NioSocketChannel.java:357)
	at io.netty.channel.nio.AbstractNioByteChannel$NioByteUnsafe.read(AbstractNioByteChannel.java:151)
	at io.netty.channel.nio.NioEventLoop.processSelectedKey(NioEventLoop.java:722)
	at io.netty.channel.nio.NioEventLoop.processSelectedKeysOptimized(NioEventLoop.java:658)
	at io.netty.channel.nio.NioEventLoop.processSelectedKeys(NioEventLoop.java:584)
	at io.netty.channel.nio.NioEventLoop.run(NioEventLoop.java:496)
	at io.netty.util.concurrent.SingleThreadEventExecutor$4.run(SingleThreadEventExecutor.java:995)
	at io.netty.util.internal.ThreadExecutorMap$2.run(ThreadExecutorMap.java:74)
	at io.netty.util.concurrent.FastThreadLocalRunnable.run(FastThreadLocalRunnable.java:30)
	at java.base/java.lang.Thread.run(Thread.java:1589)

]]></system-err>
  </testcase>
  <testcase name="Predefined steps for Yahoo" classname="Smoke steps" time="2.857">
    <error message="The step &apos;I open url &quot;https://www.yahoo.com&quot;&apos; and 8 other step(s) are undefined.&#10;You can implement these steps using the snippet(s) below:&#10;&#10;@Given(&quot;I open url {string}&quot;)&#10;public void i_open_url(String string) {&#10;    // Write code here that turns the phrase above into concrete actions&#10;    throw new io.cucumber.java.PendingException();&#10;}&#10;Given(&quot;I open url {string}&quot;, (String string) -&gt; {&#10;    // Write code here that turns the phrase above into concrete actions&#10;    throw new io.cucumber.java8.PendingException();&#10;});&#10;@Then(&quot;element with xpath {string} should be present&quot;)&#10;public void element_with_xpath_should_be_present(String string) {&#10;    // Write code here that turns the phrase above into concrete actions&#10;    throw new io.cucumber.java.PendingException();&#10;}&#10;Then(&quot;element with xpath {string} should be present&quot;, (String string) -&gt; {&#10;    // Write code here that turns the phrase above into concrete actions&#10;    throw new io.cucumber.java8.PendingException();&#10;});&#10;@When(&quot;I click on element with xpath {string}&quot;)&#10;public void i_click_on_element_with_xpath(String string) {&#10;    // Write code here that turns the phrase above into concrete actions&#10;    throw new io.cucumber.java.PendingException();&#10;}&#10;When(&quot;I click on element with xpath {string}&quot;, (String string) -&gt; {&#10;    // Write code here that turns the phrase above into concrete actions&#10;    throw new io.cucumber.java8.PendingException();&#10;});&#10;@Then(&quot;I should see page title as {string}&quot;)&#10;public void i_should_see_page_title_as(String string) {&#10;    // Write code here that turns the phrase above into concrete actions&#10;    throw new io.cucumber.java.PendingException();&#10;}&#10;Then(&quot;I should see page title as {string}&quot;, (String string) -&gt; {&#10;    // Write code here that turns the phrase above into concrete actions&#10;    throw new io.cucumber.java8.PendingException();&#10;});&#10;@When(&quot;I type {string} into element with xpath {string}&quot;)&#10;public void i_type_into_element_with_xpath(String string, String string2) {&#10;    // Write code here that turns the phrase above into concrete actions&#10;    throw new io.cucumber.java.PendingException();&#10;}&#10;When(&quot;I type {string} into element with xpath {string}&quot;, (String string, String string2) -&gt; {&#10;    // Write code here that turns the phrase above into concrete actions&#10;    throw new io.cucumber.java8.PendingException();&#10;});&#10;@Then(&quot;I click on element with xpath {string}&quot;)&#10;public void i_click_on_element_with_xpath(String string) {&#10;    // Write code here that turns the phrase above into concrete actions&#10;    throw new io.cucumber.java.PendingException();&#10;}&#10;Then(&quot;I click on element with xpath {string}&quot;, (String string) -&gt; {&#10;    // Write code here that turns the phrase above into concrete actions&#10;    throw new io.cucumber.java8.PendingException();&#10;});&#10;@Then(&quot;I wait for element with xpath {string} to be present&quot;)&#10;public void i_wait_for_element_with_xpath_to_be_present(String string) {&#10;    // Write code here that turns the phrase above into concrete actions&#10;    throw new io.cucumber.java.PendingException();&#10;}&#10;Then(&quot;I wait for element with xpath {string} to be present&quot;, (String string) -&gt; {&#10;    // Write code here that turns the phrase above into concrete actions&#10;    throw new io.cucumber.java8.PendingException();&#10;});&#10;@Then(&quot;element with xpath {string} should contain text {string}&quot;)&#10;public void element_with_xpath_should_contain_text(String string, String string2) {&#10;    // Write code here that turns the phrase above into concrete actions&#10;    throw new io.cucumber.java.PendingException();&#10;}&#10;Then(&quot;element with xpath {string} should contain text {string}&quot;, (String string, String string2) -&gt; {&#10;    // Write code here that turns the phrase above into concrete actions&#10;    throw new io.cucumber.java8.PendingException();&#10;});&#10;" type="io.cucumber.junit.UndefinedStepException"><![CDATA[io.cucumber.junit.UndefinedStepException: 
The step 'I open url "https://www.yahoo.com"' and 8 other step(s) are undefined.
You can implement these steps using the snippet(s) below:

@Given("I open url {string}")
public void i_open_url(String string) {
    // Write code here that turns the phrase above into concrete actions
    throw new io.cucumber.java.PendingException();
}
Given("I open url {string}", (String string) -> {
    // Write code here that turns the phrase above into concrete actions
    throw new io.cucumber.java8.PendingException();
});
@Then("element with xpath {string} should be present")
public void element_with_xpath_should_be_present(String string) {
    // Write code here that turns the phrase above into concrete actions
    throw new io.cucumber.java.PendingException();
}
Then("element with xpath {string} should be present", (String string) -> {
    // Write code here that turns the phrase above into concrete actions
    throw new io.cucumber.java8.PendingException();
});
@When("I click on element with xpath {string}")
public void i_click_on_element_with_xpath(String string) {
    // Write code here that turns the phrase above into concrete actions
    throw new io.cucumber.java.PendingException();
}
When("I click on element with xpath {string}", (String string) -> {
    // Write code here that turns the phrase above into concrete actions
    throw new io.cucumber.java8.PendingException();
});
@Then("I should see page title as {string}")
public void i_should_see_page_title_as(String string) {
    // Write code here that turns the phrase above into concrete actions
    throw new io.cucumber.java.PendingException();
}
Then("I should see page title as {string}", (String string) -> {
    // Write code here that turns the phrase above into concrete actions
    throw new io.cucumber.java8.PendingException();
});
@When("I type {string} into element with xpath {string}")
public void i_type_into_element_with_xpath(String string, String string2) {
    // Write code here that turns the phrase above into concrete actions
    throw new io.cucumber.java.PendingException();
}
When("I type {string} into element with xpath {string}", (String string, String string2) -> {
    // Write code here that turns the phrase above into concrete actions
    throw new io.cucumber.java8.PendingException();
});
@Then("I click on element with xpath {string}")
public void i_click_on_element_with_xpath(String string) {
    // Write code here that turns the phrase above into concrete actions
    throw new io.cucumber.java.PendingException();
}
Then("I click on element with xpath {string}", (String string) -> {
    // Write code here that turns the phrase above into concrete actions
    throw new io.cucumber.java8.PendingException();
});
@Then("I wait for element with xpath {string} to be present")
public void i_wait_for_element_with_xpath_to_be_present(String string) {
    // Write code here that turns the phrase above into concrete actions
    throw new io.cucumber.java.PendingException();
}
Then("I wait for element with xpath {string} to be present", (String string) -> {
    // Write code here that turns the phrase above into concrete actions
    throw new io.cucumber.java8.PendingException();
});
@Then("element with xpath {string} should contain text {string}")
public void element_with_xpath_should_contain_text(String string, String string2) {
    // Write code here that turns the phrase above into concrete actions
    throw new io.cucumber.java.PendingException();
}
Then("element with xpath {string} should contain text {string}", (String string, String string2) -> {
    // Write code here that turns the phrase above into concrete actions
    throw new io.cucumber.java8.PendingException();
});

]]></error>
    <system-out><![CDATA[INFO 10:09:33:986 wdm.WebDriverManager resolveDriverVersion:1197 Using chromedriver 109.0.5414.74 (resolved driver for Chrome 109)
INFO 10:09:33:998 wdm.WebDriverManager exportDriver:1252 Exporting webdriver.chrome.driver as C:\Users\ilyas\.cache\selenium\chromedriver\win32\109.0.5414.74\chromedriver.exe
 on element using JavaScript with xpath "(//input[@name='btnK'])[1]"&amp#27;[0m
  &amp#27;[36mThen &amp#27;[0m&amp#27;[36mI wait for element with xpath "//*[@id='res']" to be present&amp#27;[0m
  &amp#27;[36mThen &amp#27;[0m&amp#27;[36melement with xpath "//*[@id='res']" should contain text "Cucumber"&amp#27;[0m

@predefined @predefined3
Scenario: Predefined steps for Yahoo                                                                        &amp#27;[90m# src/test/resources/features/predefined.feature:16&amp#27;[0m
  &amp#27;[33mGiven &amp#27;[0m&amp#27;[33mI open url "https://www.yahoo.com"&amp#27;[0m
  &amp#27;[36mThen &amp#27;[0m&amp#27;[36melement with xpath "//button[@class='btn primary']" should be present&amp#27;[0m
  &amp#27;[36mWhen &amp#27;[0m&amp#27;[36mI click on element with xpath "//button[@class='btn primary']"&amp#27;[0m
  &amp#27;[36mThen &amp#27;[0m&amp#27;[36mI should see page title as "Yahoo | Mail, Weather, Search, Politics, News, Finance, Sports & Videos"&amp#27;[0m
  &amp#27;[36mThen &amp#27;[0m&amp#27;[36melement with xpath "//input[@name='p']" should be present&amp#27;[0m
  &amp#27;[36mWhen &amp#27;[0m&amp#27;[36mI type "Behavior Driven Development" into element with xpath "//input[@name='p']"&amp#27;[0m
  &amp#27;[36mThen &amp#27;[0m&amp#27;[]]></system-out>
    <system-err><![CDATA[ChromeDriver was started successfully.
Feb 01, 2023 10:09:36 AM org.openqa.selenium.remote.ProtocolHandshake createSession
INFO: Detected upstream dialect: W3C
Feb 01, 2023 10:09:36 AM org.openqa.selenium.devtools.CdpVersionFinder findNearestMatch
WARNING: Unable to find an exact match for CDP version 109, so returning the closest version found: a no-op implementation
Feb 01, 2023 10:09:36 AM org.openqa.selenium.devtools.CdpVersionFinder findNearestMatch
INFO: Unable to find CDP implementation matching 109.
Feb 01, 2023 10:09:36 AM org.openqa.selenium.chromium.ChromiumDriver lambda$new$3
WARNING: Unable to find version of CDP to use for . You may need to include a dependency on a specific version of the CDP using something similar to `org.seleniumhq.selenium:selenium-devtools-v86:4.2.1` where the version ("v86") matches the version of the chromium-based browser you're using and the version number of the artifact is the same as Selenium's.
]]></system-err>
  </testcase>
  <testcase name="Predefined steps for Gibiru" classname="Smoke steps" time="2.964">
    <error message="The step &apos;I open url &quot;https://gibiru.com&quot;&apos; and 6 other step(s) are undefined.&#10;You can implement these steps using the snippet(s) below:&#10;&#10;@Given(&quot;I open url {string}&quot;)&#10;public void i_open_url(String string) {&#10;    // Write code here that turns the phrase above into concrete actions&#10;    throw new io.cucumber.java.PendingException();&#10;}&#10;Given(&quot;I open url {string}&quot;, (String string) -&gt; {&#10;    // Write code here that turns the phrase above into concrete actions&#10;    throw new io.cucumber.java8.PendingException();&#10;});&#10;@Then(&quot;I should see page title contains {string}&quot;)&#10;public void i_should_see_page_title_contains(String string) {&#10;    // Write code here that turns the phrase above into concrete actions&#10;    throw new io.cucumber.java.PendingException();&#10;}&#10;Then(&quot;I should see page title contains {string}&quot;, (String string) -&gt; {&#10;    // Write code here that turns the phrase above into concrete actions&#10;    throw new io.cucumber.java8.PendingException();&#10;});&#10;@Then(&quot;element with xpath {string} should be present&quot;)&#10;public void element_with_xpath_should_be_present(String string) {&#10;    // Write code here that turns the phrase above into concrete actions&#10;    throw new io.cucumber.java.PendingException();&#10;}&#10;Then(&quot;element with xpath {string} should be present&quot;, (String string) -&gt; {&#10;    // Write code here that turns the phrase above into concrete actions&#10;    throw new io.cucumber.java8.PendingException();&#10;});&#10;@When(&quot;I type {string} into element with xpath {string}&quot;)&#10;public void i_type_into_element_with_xpath(String string, String string2) {&#10;    // Write code here that turns the phrase above into concrete actions&#10;    throw new io.cucumber.java.PendingException();&#10;}&#10;When(&quot;I type {string} into element with xpath {string}&quot;, (String string, String string2) -&gt; {&#10;    // Write code here that turns the phrase above into concrete actions&#10;    throw new io.cucumber.java8.PendingException();&#10;});&#10;@Then(&quot;I click on element with xpath {string}&quot;)&#10;public void i_click_on_element_with_xpath(String string) {&#10;    // Write code here that turns the phrase above into concrete actions&#10;    throw new io.cucumber.java.PendingException();&#10;}&#10;Then(&quot;I click on element with xpath {string}&quot;, (String string) -&gt; {&#10;    // Write code here that turns the phrase above into concrete actions&#10;    throw new io.cucumber.java8.PendingException();&#10;});&#10;@Then(&quot;I wait for element with xpath {string} to be present&quot;)&#10;public void i_wait_for_element_with_xpath_to_be_present(String string) {&#10;    // Write code here that turns the phrase above into concrete actions&#10;    throw new io.cucumber.java.PendingException();&#10;}&#10;Then(&quot;I wait for element with xpath {string} to be present&quot;, (String string) -&gt; {&#10;    // Write code here that turns the phrase above into concrete actions&#10;    throw new io.cucumber.java8.PendingException();&#10;});&#10;@Then(&quot;element with xpath {string} should contain text {string}&quot;)&#10;public void element_with_xpath_should_contain_text(String string, String string2) {&#10;    // Write code here that turns the phrase above into concrete actions&#10;    throw new io.cucumber.java.PendingException();&#10;}&#10;Then(&quot;element with xpath {string} should contain text {string}&quot;, (String string, String string2) -&gt; {&#10;    // Write code here that turns the phrase above into concrete actions&#10;    throw new io.cucumber.java8.PendingException();&#10;});&#10;" type="io.cucumber.junit.UndefinedStepException"><![CDATA[io.cucumber.junit.UndefinedStepException: 
The step 'I open url "https://gibiru.com"' and 6 other step(s) are undefined.
You can implement these steps using the snippet(s) below:

@Given("I open url {string}")
public void i_open_url(String string) {
    // Write code here that turns the phrase above into concrete actions
    throw new io.cucumber.java.PendingException();
}
Given("I open url {string}", (String string) -> {
    // Write code here that turns the phrase above into concrete actions
    throw new io.cucumber.java8.PendingException();
});
@Then("I should see page title contains {string}")
public void i_should_see_page_title_contains(String string) {
    // Write code here that turns the phrase above into concrete actions
    throw new io.cucumber.java.PendingException();
}
Then("I should see page title contains {string}", (String string) -> {
    // Write code here that turns the phrase above into concrete actions
    throw new io.cucumber.java8.PendingException();
});
@Then("element with xpath {string} should be present")
public void element_with_xpath_should_be_present(String string) {
    // Write code here that turns the phrase above into concrete actions
    throw new io.cucumber.java.PendingException();
}
Then("element with xpath {string} should be present", (String string) -> {
    // Write code here that turns the phrase above into concrete actions
    throw new io.cucumber.java8.PendingException();
});
@When("I type {string} into element with xpath {string}")
public void i_type_into_element_with_xpath(String string, String string2) {
    // Write code here that turns the phrase above into concrete actions
    throw new io.cucumber.java.PendingException();
}
When("I type {string} into element with xpath {string}", (String string, String string2) -> {
    // Write code here that turns the phrase above into concrete actions
    throw new io.cucumber.java8.PendingException();
});
@Then("I click on element with xpath {string}")
public void i_click_on_element_with_xpath(String string) {
    // Write code here that turns the phrase above into concrete actions
    throw new io.cucumber.java.PendingException();
}
Then("I click on element with xpath {string}", (String string) -> {
    // Write code here that turns the phrase above into concrete actions
    throw new io.cucumber.java8.PendingException();
});
@Then("I wait for element with xpath {string} to be present")
public void i_wait_for_element_with_xpath_to_be_present(String string) {
    // Write code here that turns the phrase above into concrete actions
    throw new io.cucumber.java.PendingException();
}
Then("I wait for element with xpath {string} to be present", (String string) -> {
    // Write code here that turns the phrase above into concrete actions
    throw new io.cucumber.java8.PendingException();
});
@Then("element with xpath {string} should contain text {string}")
public void element_with_xpath_should_contain_text(String string, String string2) {
    // Write code here that turns the phrase above into concrete actions
    throw new io.cucumber.java.PendingException();
}
Then("element with xpath {string} should contain text {string}", (String string, String string2) -> {
    // Write code here that turns the phrase above into concrete actions
    throw new io.cucumber.java8.PendingException();
});

]]></error>
    <system-out><![CDATA[INFO 10:09:36:828 wdm.WebDriverManager resolveDriverVersion:1197 Using chromedriver 109.0.5414.74 (resolved driver for Chrome 109)
INFO 10:09:36:834 wdm.WebDriverManager exportDriver:1252 Exporting webdriver.chrome.driver as C:\Users\ilyas\.cache\selenium\chromedriver\win32\109.0.5414.74\chromedriver.exe
36mI click on element with xpath "//button[@type='submit']"&amp#27;[0m
  &amp#27;[36mAnd &amp#27;[0m&amp#27;[36mI wait for element with xpath "//ol[@class=' reg searchCenterMiddle']" to be present&amp#27;[0m
  &amp#27;[36mThen &amp#27;[0m&amp#27;[36melement with xpath "//ol[@class=' reg searchCenterMiddle']" should contain text "Cucumber"&amp#27;[0m

@predefined @predefined4
Scenario: Predefined steps for Gibiru                                                                       &amp#27;[90m# src/test/resources/features/predefined.feature:29&amp#27;[0m
  &amp#27;[33mGiven &amp#27;[0m&amp#27;[33mI open url "https://gibiru.com"&amp#27;[0m
  &amp#27;[36mThen &amp#27;[0m&amp#27;[36mI should see page title contains "Gibiru"&amp#27;[0m
  &amp#27;[36mThen &amp#27;[0m&amp#27;[36melement with xpath "//input[@name='q']" should be present&amp#27;[0m
  &amp#27;[36mWhen &amp#27;[0m&amp#27;[36mI type "Behavior Driven Development" into element with xpath "//input[@name='q']"&amp#27;[0m
  &amp#27;[36mThen &amp#27;[0m&amp#27;[36mI click on element with xpath "//button[@type='submit']"&amp#27;[0m
  &amp#27;[36mThen &amp#27;[0m&amp#27;[36mI wait for element with xpath "//*[@class='gsc-control-cse gsc-control-cse-en']" to be present&amp#27;[0m
  &amp#27;[36mThen &amp#27;[0m&amp#27;[36mel]]></system-out>
    <system-err><![CDATA[ChromeDriver was started successfully.
Feb 01, 2023 10:09:39 AM org.openqa.selenium.remote.ProtocolHandshake createSession
INFO: Detected upstream dialect: W3C
Feb 01, 2023 10:09:39 AM org.openqa.selenium.devtools.CdpVersionFinder findNearestMatch
WARNING: Unable to find an exact match for CDP version 109, so returning the closest version found: a no-op implementation
Feb 01, 2023 10:09:39 AM org.openqa.selenium.devtools.CdpVersionFinder findNearestMatch
INFO: Unable to find CDP implementation matching 109.
Feb 01, 2023 10:09:39 AM org.openqa.selenium.chromium.ChromiumDriver lambda$new$3
WARNING: Unable to find version of CDP to use for . You may need to include a dependency on a specific version of the CDP using something similar to `org.seleniumhq.selenium:selenium-devtools-v86:4.2.1` where the version ("v86") matches the version of the chromium-based browser you're using and the version number of the artifact is the same as Selenium's.
]]></system-err>
  </testcase>
  <testcase name="Predefined steps for DuckDuckGo" classname="Smoke steps" time="2.921">
    <error message="The step &apos;I open url &quot;https://duckduckgo.com&quot;&apos; and 6 other step(s) are undefined.&#10;You can implement these steps using the snippet(s) below:&#10;&#10;@Given(&quot;I open url {string}&quot;)&#10;public void i_open_url(String string) {&#10;    // Write code here that turns the phrase above into concrete actions&#10;    throw new io.cucumber.java.PendingException();&#10;}&#10;Given(&quot;I open url {string}&quot;, (String string) -&gt; {&#10;    // Write code here that turns the phrase above into concrete actions&#10;    throw new io.cucumber.java8.PendingException();&#10;});&#10;@Then(&quot;I should see page title contains {string}&quot;)&#10;public void i_should_see_page_title_contains(String string) {&#10;    // Write code here that turns the phrase above into concrete actions&#10;    throw new io.cucumber.java.PendingException();&#10;}&#10;Then(&quot;I should see page title contains {string}&quot;, (String string) -&gt; {&#10;    // Write code here that turns the phrase above into concrete actions&#10;    throw new io.cucumber.java8.PendingException();&#10;});&#10;@Then(&quot;element with xpath {string} should be present&quot;)&#10;public void element_with_xpath_should_be_present(String string) {&#10;    // Write code here that turns the phrase above into concrete actions&#10;    throw new io.cucumber.java.PendingException();&#10;}&#10;Then(&quot;element with xpath {string} should be present&quot;, (String string) -&gt; {&#10;    // Write code here that turns the phrase above into concrete actions&#10;    throw new io.cucumber.java8.PendingException();&#10;});&#10;@When(&quot;I type {string} into element with xpath {string}&quot;)&#10;public void i_type_into_element_with_xpath(String string, String string2) {&#10;    // Write code here that turns the phrase above into concrete actions&#10;    throw new io.cucumber.java.PendingException();&#10;}&#10;When(&quot;I type {string} into element with xpath {string}&quot;, (String string, String string2) -&gt; {&#10;    // Write code here that turns the phrase above into concrete actions&#10;    throw new io.cucumber.java8.PendingException();&#10;});&#10;@Then(&quot;I click on element with xpath {string}&quot;)&#10;public void i_click_on_element_with_xpath(String string) {&#10;    // Write code here that turns the phrase above into concrete actions&#10;    throw new io.cucumber.java.PendingException();&#10;}&#10;Then(&quot;I click on element with xpath {string}&quot;, (String string) -&gt; {&#10;    // Write code here that turns the phrase above into concrete actions&#10;    throw new io.cucumber.java8.PendingException();&#10;});&#10;@Then(&quot;I wait for element with xpath {string} to be present&quot;)&#10;public void i_wait_for_element_with_xpath_to_be_present(String string) {&#10;    // Write code here that turns the phrase above into concrete actions&#10;    throw new io.cucumber.java.PendingException();&#10;}&#10;Then(&quot;I wait for element with xpath {string} to be present&quot;, (String string) -&gt; {&#10;    // Write code here that turns the phrase above into concrete actions&#10;    throw new io.cucumber.java8.PendingException();&#10;});&#10;@Then(&quot;element with xpath {string} should contain text {string}&quot;)&#10;public void element_with_xpath_should_contain_text(String string, String string2) {&#10;    // Write code here that turns the phrase above into concrete actions&#10;    throw new io.cucumber.java.PendingException();&#10;}&#10;Then(&quot;element with xpath {string} should contain text {string}&quot;, (String string, String string2) -&gt; {&#10;    // Write code here that turns the phrase above into concrete actions&#10;    throw new io.cucumber.java8.PendingException();&#10;});&#10;" type="io.cucumber.junit.UndefinedStepException"><![CDATA[io.cucumber.junit.UndefinedStepException: 
The step 'I open url "https://duckduckgo.com"' and 6 other step(s) are undefined.
You can implement these steps using the snippet(s) below:

@Given("I open url {string}")
public void i_open_url(String string) {
    // Write code here that turns the phrase above into concrete actions
    throw new io.cucumber.java.PendingException();
}
Given("I open url {string}", (String string) -> {
    // Write code here that turns the phrase above into concrete actions
    throw new io.cucumber.java8.PendingException();
});
@Then("I should see page title contains {string}")
public void i_should_see_page_title_contains(String string) {
    // Write code here that turns the phrase above into concrete actions
    throw new io.cucumber.java.PendingException();
}
Then("I should see page title contains {string}", (String string) -> {
    // Write code here that turns the phrase above into concrete actions
    throw new io.cucumber.java8.PendingException();
});
@Then("element with xpath {string} should be present")
public void element_with_xpath_should_be_present(String string) {
    // Write code here that turns the phrase above into concrete actions
    throw new io.cucumber.java.PendingException();
}
Then("element with xpath {string} should be present", (String string) -> {
    // Write code here that turns the phrase above into concrete actions
    throw new io.cucumber.java8.PendingException();
});
@When("I type {string} into element with xpath {string}")
public void i_type_into_element_with_xpath(String string, String string2) {
    // Write code here that turns the phrase above into concrete actions
    throw new io.cucumber.java.PendingException();
}
When("I type {string} into element with xpath {string}", (String string, String string2) -> {
    // Write code here that turns the phrase above into concrete actions
    throw new io.cucumber.java8.PendingException();
});
@Then("I click on element with xpath {string}")
public void i_click_on_element_with_xpath(String string) {
    // Write code here that turns the phrase above into concrete actions
    throw new io.cucumber.java.PendingException();
}
Then("I click on element with xpath {string}", (String string) -> {
    // Write code here that turns the phrase above into concrete actions
    throw new io.cucumber.java8.PendingException();
});
@Then("I wait for element with xpath {string} to be present")
public void i_wait_for_element_with_xpath_to_be_present(String string) {
    // Write code here that turns the phrase above into concrete actions
    throw new io.cucumber.java.PendingException();
}
Then("I wait for element with xpath {string} to be present", (String string) -> {
    // Write code here that turns the phrase above into concrete actions
    throw new io.cucumber.java8.PendingException();
});
@Then("element with xpath {string} should contain text {string}")
public void element_with_xpath_should_contain_text(String string, String string2) {
    // Write code here that turns the phrase above into concrete actions
    throw new io.cucumber.java.PendingException();
}
Then("element with xpath {string} should contain text {string}", (String string, String string2) -> {
    // Write code here that turns the phrase above into concrete actions
    throw new io.cucumber.java8.PendingException();
});

]]></error>
    <system-out><![CDATA[INFO 10:09:39:778 wdm.WebDriverManager resolveDriverVersion:1197 Using chromedriver 109.0.5414.74 (resolved driver for Chrome 109)
INFO 10:09:39:790 wdm.WebDriverManager exportDriver:1252 Exporting webdriver.chrome.driver as C:\Users\ilyas\.cache\selenium\chromedriver\win32\109.0.5414.74\chromedriver.exe
ement with xpath "//*[@class='gsc-control-cse gsc-control-cse-en']" should contain text "Behavior"&amp#27;[0m

@predefined @predefined5
Scenario: Predefined steps for DuckDuckGo                                                            &amp#27;[90m# src/test/resources/features/predefined.feature:41&amp#27;[0m
  &amp#27;[33mGiven &amp#27;[0m&amp#27;[33mI open url "https://duckduckgo.com"&amp#27;[0m
  &amp#27;[36mThen &amp#27;[0m&amp#27;[36mI should see page title contains "DuckDuckGo"&amp#27;[0m
  &amp#27;[36mAnd &amp#27;[0m&amp#27;[36melement with xpath "//input[@id='searchbox_input']" should be presen]]></system-out>
    <system-err><![CDATA[ChromeDriver was started successfully.
Feb 01, 2023 10:09:42 AM org.openqa.selenium.remote.ProtocolHandshake createSession
INFO: Detected upstream dialect: W3C
Feb 01, 2023 10:09:42 AM org.openqa.selenium.devtools.CdpVersionFinder findNearestMatch
WARNING: Unable to find an exact match for CDP version 109, so returning the closest version found: a no-op implementation
Feb 01, 2023 10:09:42 AM org.openqa.selenium.devtools.CdpVersionFinder findNearestMatch
INFO: Unable to find CDP implementation matching 109.
Feb 01, 2023 10:09:42 AM org.openqa.selenium.chromium.ChromiumDriver lambda$new$3
WARNING: Unable to find version of CDP to use for . You may need to include a dependency on a specific version of the CDP using something similar to `org.seleniumhq.selenium:selenium-devtools-v86:4.2.1` where the version ("v86") matches the version of the chromium-based browser you're using and the version number of the artifact is the same as Selenium's.
]]></system-err>
  </testcase>
  <testcase name="Predefined steps for Swisscows" classname="Smoke steps" time="3.056">
    <error message="The step &apos;I open url &quot;https://swisscows.com/en&quot;&apos; and 6 other step(s) are undefined.&#10;You can implement these steps using the snippet(s) below:&#10;&#10;@Given(&quot;I open url {string}&quot;)&#10;public void i_open_url(String string) {&#10;    // Write code here that turns the phrase above into concrete actions&#10;    throw new io.cucumber.java.PendingException();&#10;}&#10;Given(&quot;I open url {string}&quot;, (String string) -&gt; {&#10;    // Write code here that turns the phrase above into concrete actions&#10;    throw new io.cucumber.java8.PendingException();&#10;});&#10;@Then(&quot;I should see page title contains {string}&quot;)&#10;public void i_should_see_page_title_contains(String string) {&#10;    // Write code here that turns the phrase above into concrete actions&#10;    throw new io.cucumber.java.PendingException();&#10;}&#10;Then(&quot;I should see page title contains {string}&quot;, (String string) -&gt; {&#10;    // Write code here that turns the phrase above into concrete actions&#10;    throw new io.cucumber.java8.PendingException();&#10;});&#10;@Then(&quot;element with xpath {string} should be present&quot;)&#10;public void element_with_xpath_should_be_present(String string) {&#10;    // Write code here that turns the phrase above into concrete actions&#10;    throw new io.cucumber.java.PendingException();&#10;}&#10;Then(&quot;element with xpath {string} should be present&quot;, (String string) -&gt; {&#10;    // Write code here that turns the phrase above into concrete actions&#10;    throw new io.cucumber.java8.PendingException();&#10;});&#10;@When(&quot;I type {string} into element with xpath {string}&quot;)&#10;public void i_type_into_element_with_xpath(String string, String string2) {&#10;    // Write code here that turns the phrase above into concrete actions&#10;    throw new io.cucumber.java.PendingException();&#10;}&#10;When(&quot;I type {string} into element with xpath {string}&quot;, (String string, String string2) -&gt; {&#10;    // Write code here that turns the phrase above into concrete actions&#10;    throw new io.cucumber.java8.PendingException();&#10;});&#10;@Then(&quot;I click on element with xpath {string}&quot;)&#10;public void i_click_on_element_with_xpath(String string) {&#10;    // Write code here that turns the phrase above into concrete actions&#10;    throw new io.cucumber.java.PendingException();&#10;}&#10;Then(&quot;I click on element with xpath {string}&quot;, (String string) -&gt; {&#10;    // Write code here that turns the phrase above into concrete actions&#10;    throw new io.cucumber.java8.PendingException();&#10;});&#10;@Then(&quot;I wait for element with xpath {string} to be present&quot;)&#10;public void i_wait_for_element_with_xpath_to_be_present(String string) {&#10;    // Write code here that turns the phrase above into concrete actions&#10;    throw new io.cucumber.java.PendingException();&#10;}&#10;Then(&quot;I wait for element with xpath {string} to be present&quot;, (String string) -&gt; {&#10;    // Write code here that turns the phrase above into concrete actions&#10;    throw new io.cucumber.java8.PendingException();&#10;});&#10;@Then(&quot;element with xpath {string} should contain text {string}&quot;)&#10;public void element_with_xpath_should_contain_text(String string, String string2) {&#10;    // Write code here that turns the phrase above into concrete actions&#10;    throw new io.cucumber.java.PendingException();&#10;}&#10;Then(&quot;element with xpath {string} should contain text {string}&quot;, (String string, String string2) -&gt; {&#10;    // Write code here that turns the phrase above into concrete actions&#10;    throw new io.cucumber.java8.PendingException();&#10;});&#10;" type="io.cucumber.junit.UndefinedStepException"><![CDATA[io.cucumber.junit.UndefinedStepException: 
The step 'I open url "https://swisscows.com/en"' and 6 other step(s) are undefined.
You can implement these steps using the snippet(s) below:

@Given("I open url {string}")
public void i_open_url(String string) {
    // Write code here that turns the phrase above into concrete actions
    throw new io.cucumber.java.PendingException();
}
Given("I open url {string}", (String string) -> {
    // Write code here that turns the phrase above into concrete actions
    throw new io.cucumber.java8.PendingException();
});
@Then("I should see page title contains {string}")
public void i_should_see_page_title_contains(String string) {
    // Write code here that turns the phrase above into concrete actions
    throw new io.cucumber.java.PendingException();
}
Then("I should see page title contains {string}", (String string) -> {
    // Write code here that turns the phrase above into concrete actions
    throw new io.cucumber.java8.PendingException();
});
@Then("element with xpath {string} should be present")
public void element_with_xpath_should_be_present(String string) {
    // Write code here that turns the phrase above into concrete actions
    throw new io.cucumber.java.PendingException();
}
Then("element with xpath {string} should be present", (String string) -> {
    // Write code here that turns the phrase above into concrete actions
    throw new io.cucumber.java8.PendingException();
});
@When("I type {string} into element with xpath {string}")
public void i_type_into_element_with_xpath(String string, String string2) {
    // Write code here that turns the phrase above into concrete actions
    throw new io.cucumber.java.PendingException();
}
When("I type {string} into element with xpath {string}", (String string, String string2) -> {
    // Write code here that turns the phrase above into concrete actions
    throw new io.cucumber.java8.PendingException();
});
@Then("I click on element with xpath {string}")
public void i_click_on_element_with_xpath(String string) {
    // Write code here that turns the phrase above into concrete actions
    throw new io.cucumber.java.PendingException();
}
Then("I click on element with xpath {string}", (String string) -> {
    // Write code here that turns the phrase above into concrete actions
    throw new io.cucumber.java8.PendingException();
});
@Then("I wait for element with xpath {string} to be present")
public void i_wait_for_element_with_xpath_to_be_present(String string) {
    // Write code here that turns the phrase above into concrete actions
    throw new io.cucumber.java.PendingException();
}
Then("I wait for element with xpath {string} to be present", (String string) -> {
    // Write code here that turns the phrase above into concrete actions
    throw new io.cucumber.java8.PendingException();
});
@Then("element with xpath {string} should contain text {string}")
public void element_with_xpath_should_contain_text(String string, String string2) {
    // Write code here that turns the phrase above into concrete actions
    throw new io.cucumber.java.PendingException();
}
Then("element with xpath {string} should contain text {string}", (String string, String string2) -> {
    // Write code here that turns the phrase above into concrete actions
    throw new io.cucumber.java8.PendingException();
});

]]></error>
    <system-out><![CDATA[t&amp#27;[0m
  &amp#27;[36mWhen &amp#27;[0m&amp#27;[36mI type "Behavior Driven Development" into element with xpath "//input[@id='searchbox_input']"&amp#27;[0m
  &amp#27;[36mThen &amp#27;[0m&amp#27;[36mI click on element with xpath "//button[@type='submit']"&amp#27;[0m
  &amp#27;[36mAnd &amp#27;[0m&amp#27;[36mI wait for element with xpath "//*[@class='results--main']" to be present&amp#27;[0m
  &amp#27;[36mThen &amp#27;[0m&amp#27;[36melement with xpath "//*[@class='results--main']" should contain text "Behavior"&amp#27;[0m

@predefined @predefined6
Scenario: Predefined steps for Swisscows                                    INFO 10:09:42:707 wdm.WebDriverManager resolveDriverVersion:1197 Using chromedriver 109.0.5414.74 (resolved driver for Chrome 109)
INFO 10:09:42:718 wdm.WebDriverManager exportDriver:1252 Exporting webdriver.chrome.driver as C:\Users\ilyas\.cache\selenium\chromedriver\win32\109.0.5414.74\chromedriver.exe
                         &amp#27;[90m# src/test/resources/features/predefined.feature:51&amp#27;[0m
  &amp#27;[33mGiven &amp#27;[0m&amp#27;[33mI open url "https://swisscows.com/en"&amp#27;[0m
  &amp#27;[36mThen &amp#27;[0m&amp#27;[36mI should see page title contains "Swisscows"&amp#27;[0m
  &amp#27;[36mAnd &amp#27;[0m&amp#27;[36melement with xpath "//input[@class='input-search']" should be present&amp#27;[0m
  &amp#27;[36mWhen &amp#27;[0m&amp#27;[36mI type "Behavior Driven Development" into element with xpath "//input[@class='input-search']"&amp#27;[0m
  &amp#27;[36mThen &amp#27;[0m&amp#27;[36mI click on element with xpath "//button[@class='search-sub]]></system-out>
    <system-err><![CDATA[ChromeDriver was started successfully.
Feb 01, 2023 10:09:45 AM org.openqa.selenium.remote.ProtocolHandshake createSession
INFO: Detected upstream dialect: W3C
Feb 01, 2023 10:09:45 AM org.openqa.selenium.devtools.CdpVersionFinder findNearestMatch
WARNING: Unable to find an exact match for CDP version 109, so returning the closest version found: a no-op implementation
Feb 01, 2023 10:09:45 AM org.openqa.selenium.devtools.CdpVersionFinder findNearestMatch
INFO: Unable to find CDP implementation matching 109.
Feb 01, 2023 10:09:45 AM org.openqa.selenium.chromium.ChromiumDriver lambda$new$3
WARNING: Unable to find version of CDP to use for . You may need to include a dependency on a specific version of the CDP using something similar to `org.seleniumhq.selenium:selenium-devtools-v86:4.2.1` where the version ("v86") matches the version of the chromium-based browser you're using and the version number of the artifact is the same as Selenium's.
]]></system-err>
  </testcase>
  <testcase name="Predefined steps for Search Encrypt" classname="Smoke steps" time="2.918">
    <error message="The step &apos;I open url &quot;https://www.searchencrypt.com/home&quot;&apos; and 6 other step(s) are undefined.&#10;You can implement these steps using the snippet(s) below:&#10;&#10;@Given(&quot;I open url {string}&quot;)&#10;public void i_open_url(String string) {&#10;    // Write code here that turns the phrase above into concrete actions&#10;    throw new io.cucumber.java.PendingException();&#10;}&#10;Given(&quot;I open url {string}&quot;, (String string) -&gt; {&#10;    // Write code here that turns the phrase above into concrete actions&#10;    throw new io.cucumber.java8.PendingException();&#10;});&#10;@Then(&quot;I should see page title contains {string}&quot;)&#10;public void i_should_see_page_title_contains(String string) {&#10;    // Write code here that turns the phrase above into concrete actions&#10;    throw new io.cucumber.java.PendingException();&#10;}&#10;Then(&quot;I should see page title contains {string}&quot;, (String string) -&gt; {&#10;    // Write code here that turns the phrase above into concrete actions&#10;    throw new io.cucumber.java8.PendingException();&#10;});&#10;@Then(&quot;element with xpath {string} should be present&quot;)&#10;public void element_with_xpath_should_be_present(String string) {&#10;    // Write code here that turns the phrase above into concrete actions&#10;    throw new io.cucumber.java.PendingException();&#10;}&#10;Then(&quot;element with xpath {string} should be present&quot;, (String string) -&gt; {&#10;    // Write code here that turns the phrase above into concrete actions&#10;    throw new io.cucumber.java8.PendingException();&#10;});&#10;@When(&quot;I type {string} into element with xpath {string}&quot;)&#10;public void i_type_into_element_with_xpath(String string, String string2) {&#10;    // Write code here that turns the phrase above into concrete actions&#10;    throw new io.cucumber.java.PendingException();&#10;}&#10;When(&quot;I type {string} into element with xpath {string}&quot;, (String string, String string2) -&gt; {&#10;    // Write code here that turns the phrase above into concrete actions&#10;    throw new io.cucumber.java8.PendingException();&#10;});&#10;@Then(&quot;I click on element with xpath {string}&quot;)&#10;public void i_click_on_element_with_xpath(String string) {&#10;    // Write code here that turns the phrase above into concrete actions&#10;    throw new io.cucumber.java.PendingException();&#10;}&#10;Then(&quot;I click on element with xpath {string}&quot;, (String string) -&gt; {&#10;    // Write code here that turns the phrase above into concrete actions&#10;    throw new io.cucumber.java8.PendingException();&#10;});&#10;@Then(&quot;I wait for element with xpath {string} to be present&quot;)&#10;public void i_wait_for_element_with_xpath_to_be_present(String string) {&#10;    // Write code here that turns the phrase above into concrete actions&#10;    throw new io.cucumber.java.PendingException();&#10;}&#10;Then(&quot;I wait for element with xpath {string} to be present&quot;, (String string) -&gt; {&#10;    // Write code here that turns the phrase above into concrete actions&#10;    throw new io.cucumber.java8.PendingException();&#10;});&#10;@Then(&quot;element with xpath {string} should contain text {string}&quot;)&#10;public void element_with_xpath_should_contain_text(String string, String string2) {&#10;    // Write code here that turns the phrase above into concrete actions&#10;    throw new io.cucumber.java.PendingException();&#10;}&#10;Then(&quot;element with xpath {string} should contain text {string}&quot;, (String string, String string2) -&gt; {&#10;    // Write code here that turns the phrase above into concrete actions&#10;    throw new io.cucumber.java8.PendingException();&#10;});&#10;" type="io.cucumber.junit.UndefinedStepException"><![CDATA[io.cucumber.junit.UndefinedStepException: 
The step 'I open url "https://www.searchencrypt.com/home"' and 6 other step(s) are undefined.
You can implement these steps using the snippet(s) below:

@Given("I open url {string}")
public void i_open_url(String string) {
    // Write code here that turns the phrase above into concrete actions
    throw new io.cucumber.java.PendingException();
}
Given("I open url {string}", (String string) -> {
    // Write code here that turns the phrase above into concrete actions
    throw new io.cucumber.java8.PendingException();
});
@Then("I should see page title contains {string}")
public void i_should_see_page_title_contains(String string) {
    // Write code here that turns the phrase above into concrete actions
    throw new io.cucumber.java.PendingException();
}
Then("I should see page title contains {string}", (String string) -> {
    // Write code here that turns the phrase above into concrete actions
    throw new io.cucumber.java8.PendingException();
});
@Then("element with xpath {string} should be present")
public void element_with_xpath_should_be_present(String string) {
    // Write code here that turns the phrase above into concrete actions
    throw new io.cucumber.java.PendingException();
}
Then("element with xpath {string} should be present", (String string) -> {
    // Write code here that turns the phrase above into concrete actions
    throw new io.cucumber.java8.PendingException();
});
@When("I type {string} into element with xpath {string}")
public void i_type_into_element_with_xpath(String string, String string2) {
    // Write code here that turns the phrase above into concrete actions
    throw new io.cucumber.java.PendingException();
}
When("I type {string} into element with xpath {string}", (String string, String string2) -> {
    // Write code here that turns the phrase above into concrete actions
    throw new io.cucumber.java8.PendingException();
});
@Then("I click on element with xpath {string}")
public void i_click_on_element_with_xpath(String string) {
    // Write code here that turns the phrase above into concrete actions
    throw new io.cucumber.java.PendingException();
}
Then("I click on element with xpath {string}", (String string) -> {
    // Write code here that turns the phrase above into concrete actions
    throw new io.cucumber.java8.PendingException();
});
@Then("I wait for element with xpath {string} to be present")
public void i_wait_for_element_with_xpath_to_be_present(String string) {
    // Write code here that turns the phrase above into concrete actions
    throw new io.cucumber.java.PendingException();
}
Then("I wait for element with xpath {string} to be present", (String string) -> {
    // Write code here that turns the phrase above into concrete actions
    throw new io.cucumber.java8.PendingException();
});
@Then("element with xpath {string} should contain text {string}")
public void element_with_xpath_should_contain_text(String string, String string2) {
    // Write code here that turns the phrase above into concrete actions
    throw new io.cucumber.java.PendingException();
}
Then("element with xpath {string} should contain text {string}", (String string, String string2) -> {
    // Write code here that turns the phrase above into concrete actions
    throw new io.cucumber.java8.PendingException();
});

]]></error>
    <system-out><![CDATA[INFO 10:09:45:756 wdm.WebDriverManager resolveDriverVersion:1197 Using chromedriver 109.0.5414.74 (resolved driver for Chrome 109)
INFO 10:09:45:764 wdm.WebDriverManager exportDriver:1252 Exporting webdriver.chrome.driver as C:\Users\ilyas\.cache\selenium\chromedriver\win32\109.0.5414.74\chromedriver.exe
mit']"&amp#27;[0m
  &amp#27;[36mAnd &amp#27;[0m&amp#27;[36mI wait for element with xpath "//div[@class='web-results']" to be present&amp#27;[0m
  &amp#27;[36mThen &amp#27;[0m&amp#27;[36melement with xpath "//div[@class='web-results']" should contain text "Cucumber"&amp#27;[0m

@predefined @predefined7
Scenario: Predefined steps for Search Encrypt                                                              &amp#27;[90m# src/test/resources/features/predefined.feature:61&amp#27;[0m
  &amp#27;[33mGiven &amp#27;[0m&amp#27;[33mI open url "https://www.searchencrypt.com/home"&amp#27;[0m
  &amp#27;[36mThen &amp#27;[0m&amp#27;[36mI should see page title contains "Search Encrypt"&amp#27;[0m
  &amp#27;[36mAnd &amp#27;[0m&amp#27;[36melement with xpath "//input[@class='search-bar__search']" should be present&amp#27;[0m
  &amp#27;[36mWhen &amp#27;[0m&amp#27;[36mI type "Behavior Driven Development" into element with xpath "//input[@class='search-bar__search']"&amp#27;[0m
  &amp#27;[36mThen &amp#27;[0m&amp#27;[36mI click on element with xpath "//button[@class='search-bar__submit']"&amp#27;[0m
  &amp#27;[36mAnd &amp#27;[0m&amp#27;[36mI wait for element with xpath "//section[@class='serp__results container']" to be present&amp#27;[0m
  &amp#27;[36mThen &amp#27;[0m&amp#27;[36melement with]]></system-out>
    <system-err><![CDATA[ChromeDriver was started successfully.
Feb 01, 2023 10:09:48 AM org.openqa.selenium.remote.ProtocolHandshake createSession
INFO: Detected upstream dialect: W3C
Feb 01, 2023 10:09:48 AM org.openqa.selenium.devtools.CdpVersionFinder findNearestMatch
WARNING: Unable to find an exact match for CDP version 109, so returning the closest version found: a no-op implementation
Feb 01, 2023 10:09:48 AM org.openqa.selenium.devtools.CdpVersionFinder findNearestMatch
INFO: Unable to find CDP implementation matching 109.
Feb 01, 2023 10:09:48 AM org.openqa.selenium.chromium.ChromiumDriver lambda$new$3
WARNING: Unable to find version of CDP to use for . You may need to include a dependency on a specific version of the CDP using something similar to `org.seleniumhq.selenium:selenium-devtools-v86:4.2.1` where the version ("v86") matches the version of the chromium-based browser you're using and the version number of the artifact is the same as Selenium's.
]]></system-err>
  </testcase>
  <testcase name="Predefined steps for Start Page" classname="Smoke steps" time="3.141">
    <error message="The step &apos;I open url &quot;https://www.startpage.com&quot;&apos; and 6 other step(s) are undefined.&#10;You can implement these steps using the snippet(s) below:&#10;&#10;@Given(&quot;I open url {string}&quot;)&#10;public void i_open_url(String string) {&#10;    // Write code here that turns the phrase above into concrete actions&#10;    throw new io.cucumber.java.PendingException();&#10;}&#10;Given(&quot;I open url {string}&quot;, (String string) -&gt; {&#10;    // Write code here that turns the phrase above into concrete actions&#10;    throw new io.cucumber.java8.PendingException();&#10;});&#10;@Then(&quot;I should see page title contains {string}&quot;)&#10;public void i_should_see_page_title_contains(String string) {&#10;    // Write code here that turns the phrase above into concrete actions&#10;    throw new io.cucumber.java.PendingException();&#10;}&#10;Then(&quot;I should see page title contains {string}&quot;, (String string) -&gt; {&#10;    // Write code here that turns the phrase above into concrete actions&#10;    throw new io.cucumber.java8.PendingException();&#10;});&#10;@Then(&quot;element with xpath {string} should be present&quot;)&#10;public void element_with_xpath_should_be_present(String string) {&#10;    // Write code here that turns the phrase above into concrete actions&#10;    throw new io.cucumber.java.PendingException();&#10;}&#10;Then(&quot;element with xpath {string} should be present&quot;, (String string) -&gt; {&#10;    // Write code here that turns the phrase above into concrete actions&#10;    throw new io.cucumber.java8.PendingException();&#10;});&#10;@When(&quot;I type {string} into element with xpath {string}&quot;)&#10;public void i_type_into_element_with_xpath(String string, String string2) {&#10;    // Write code here that turns the phrase above into concrete actions&#10;    throw new io.cucumber.java.PendingException();&#10;}&#10;When(&quot;I type {string} into element with xpath {string}&quot;, (String string, String string2) -&gt; {&#10;    // Write code here that turns the phrase above into concrete actions&#10;    throw new io.cucumber.java8.PendingException();&#10;});&#10;@Then(&quot;I click on element with xpath {string}&quot;)&#10;public void i_click_on_element_with_xpath(String string) {&#10;    // Write code here that turns the phrase above into concrete actions&#10;    throw new io.cucumber.java.PendingException();&#10;}&#10;Then(&quot;I click on element with xpath {string}&quot;, (String string) -&gt; {&#10;    // Write code here that turns the phrase above into concrete actions&#10;    throw new io.cucumber.java8.PendingException();&#10;});&#10;@Then(&quot;I wait for element with xpath {string} to be present&quot;)&#10;public void i_wait_for_element_with_xpath_to_be_present(String string) {&#10;    // Write code here that turns the phrase above into concrete actions&#10;    throw new io.cucumber.java.PendingException();&#10;}&#10;Then(&quot;I wait for element with xpath {string} to be present&quot;, (String string) -&gt; {&#10;    // Write code here that turns the phrase above into concrete actions&#10;    throw new io.cucumber.java8.PendingException();&#10;});&#10;@Then(&quot;element with xpath {string} should contain text {string}&quot;)&#10;public void element_with_xpath_should_contain_text(String string, String string2) {&#10;    // Write code here that turns the phrase above into concrete actions&#10;    throw new io.cucumber.java.PendingException();&#10;}&#10;Then(&quot;element with xpath {string} should contain text {string}&quot;, (String string, String string2) -&gt; {&#10;    // Write code here that turns the phrase above into concrete actions&#10;    throw new io.cucumber.java8.PendingException();&#10;});&#10;" type="io.cucumber.junit.UndefinedStepException"><![CDATA[io.cucumber.junit.UndefinedStepException: 
The step 'I open url "https://www.startpage.com"' and 6 other step(s) are undefined.
You can implement these steps using the snippet(s) below:

@Given("I open url {string}")
public void i_open_url(String string) {
    // Write code here that turns the phrase above into concrete actions
    throw new io.cucumber.java.PendingException();
}
Given("I open url {string}", (String string) -> {
    // Write code here that turns the phrase above into concrete actions
    throw new io.cucumber.java8.PendingException();
});
@Then("I should see page title contains {string}")
public void i_should_see_page_title_contains(String string) {
    // Write code here that turns the phrase above into concrete actions
    throw new io.cucumber.java.PendingException();
}
Then("I should see page title contains {string}", (String string) -> {
    // Write code here that turns the phrase above into concrete actions
    throw new io.cucumber.java8.PendingException();
});
@Then("element with xpath {string} should be present")
public void element_with_xpath_should_be_present(String string) {
    // Write code here that turns the phrase above into concrete actions
    throw new io.cucumber.java.PendingException();
}
Then("element with xpath {string} should be present", (String string) -> {
    // Write code here that turns the phrase above into concrete actions
    throw new io.cucumber.java8.PendingException();
});
@When("I type {string} into element with xpath {string}")
public void i_type_into_element_with_xpath(String string, String string2) {
    // Write code here that turns the phrase above into concrete actions
    throw new io.cucumber.java.PendingException();
}
When("I type {string} into element with xpath {string}", (String string, String string2) -> {
    // Write code here that turns the phrase above into concrete actions
    throw new io.cucumber.java8.PendingException();
});
@Then("I click on element with xpath {string}")
public void i_click_on_element_with_xpath(String string) {
    // Write code here that turns the phrase above into concrete actions
    throw new io.cucumber.java.PendingException();
}
Then("I click on element with xpath {string}", (String string) -> {
    // Write code here that turns the phrase above into concrete actions
    throw new io.cucumber.java8.PendingException();
});
@Then("I wait for element with xpath {string} to be present")
public void i_wait_for_element_with_xpath_to_be_present(String string) {
    // Write code here that turns the phrase above into concrete actions
    throw new io.cucumber.java.PendingException();
}
Then("I wait for element with xpath {string} to be present", (String string) -> {
    // Write code here that turns the phrase above into concrete actions
    throw new io.cucumber.java8.PendingException();
});
@Then("element with xpath {string} should contain text {string}")
public void element_with_xpath_should_contain_text(String string, String string2) {
    // Write code here that turns the phrase above into concrete actions
    throw new io.cucumber.java.PendingException();
}
Then("element with xpath {string} should contain text {string}", (String string, String string2) -> {
    // Write code here that turns the phrase above into concrete actions
    throw new io.cucumber.java8.PendingException();
});

]]></error>
    <system-out><![CDATA[INFO 10:09:48:672 wdm.WebDriverManager resolveDriverVersion:1197 Using chromedriver 109.0.5414.74 (resolved driver for Chrome 109)
INFO 10:09:48:681 wdm.WebDriverManager exportDriver:1252 Exporting webdriver.chrome.driver as C:\Users\ilyas\.cache\selenium\chromedriver\win32\109.0.5414.74\chromedriver.exe
 xpath "//section[@class='serp__results container']" should contain text "BDD"&amp#27;[0m

@predefined @predefined8
Scenario: Predefined steps for Start Page                                                           &amp#27;[90m# src/test/resources/features/predefined.feature:72&amp#27;[0m
  &amp#27;[33mGiven &amp#27;[0m&amp#27;[33mI open url "https://www.startpage.com"&amp#27;[0m
  &amp#27;[36mThen &amp#27;[0m&amp#27;[36mI should see page title contains "Startpage"&amp#27;[0m
  &amp#27;[36mThen &amp#27;[0m&amp#27;[36melement with xpath "//input[@id='q']" should be present&amp#27;[0m
  &amp#27;[36mWhen &amp#27;[0m&amp#27;[36mI typ]]></system-out>
    <system-err><![CDATA[ChromeDriver was started successfully.
Feb 01, 2023 10:09:51 AM org.openqa.selenium.remote.ProtocolHandshake createSession
INFO: Detected upstream dialect: W3C
Feb 01, 2023 10:09:51 AM org.openqa.selenium.devtools.CdpVersionFinder findNearestMatch
WARNING: Unable to find an exact match for CDP version 109, so returning the closest version found: a no-op implementation
Feb 01, 2023 10:09:51 AM org.openqa.selenium.devtools.CdpVersionFinder findNearestMatch
INFO: Unable to find CDP implementation matching 109.
Feb 01, 2023 10:09:51 AM org.openqa.selenium.chromium.ChromiumDriver lambda$new$3
WARNING: Unable to find version of CDP to use for . You may need to include a dependency on a specific version of the CDP using something similar to `org.seleniumhq.selenium:selenium-devtools-v86:4.2.1` where the version ("v86") matches the version of the chromium-based browser you're using and the version number of the artifact is the same as Selenium's.
]]></system-err>
  </testcase>
  <testcase name="Predefined steps for Yandex" classname="Smoke steps" time="2.757">
    <error message="The step &apos;I open url &quot;https://yandex.com&quot;&apos; and 9 other step(s) are undefined.&#10;You can implement these steps using the snippet(s) below:&#10;&#10;@Given(&quot;I open url {string}&quot;)&#10;public void i_open_url(String string) {&#10;    // Write code here that turns the phrase above into concrete actions&#10;    throw new io.cucumber.java.PendingException();&#10;}&#10;Given(&quot;I open url {string}&quot;, (String string) -&gt; {&#10;    // Write code here that turns the phrase above into concrete actions&#10;    throw new io.cucumber.java8.PendingException();&#10;});&#10;@Then(&quot;I should see page title contains {string}&quot;)&#10;public void i_should_see_page_title_contains(String string) {&#10;    // Write code here that turns the phrase above into concrete actions&#10;    throw new io.cucumber.java.PendingException();&#10;}&#10;Then(&quot;I should see page title contains {string}&quot;, (String string) -&gt; {&#10;    // Write code here that turns the phrase above into concrete actions&#10;    throw new io.cucumber.java8.PendingException();&#10;});&#10;@Then(&quot;element with xpath {string} should be present&quot;)&#10;public void element_with_xpath_should_be_present(String string) {&#10;    // Write code here that turns the phrase above into concrete actions&#10;    throw new io.cucumber.java.PendingException();&#10;}&#10;Then(&quot;element with xpath {string} should be present&quot;, (String string) -&gt; {&#10;    // Write code here that turns the phrase above into concrete actions&#10;    throw new io.cucumber.java8.PendingException();&#10;});&#10;@Then(&quot;I click on element using JavaScript with xpath {string}&quot;)&#10;public void i_click_on_element_using_java_script_with_xpath(String string) {&#10;    // Write code here that turns the phrase above into concrete actions&#10;    throw new io.cucumber.java.PendingException();&#10;}&#10;Then(&quot;I click on element using JavaScript with xpath {string}&quot;, (String string) -&gt; {&#10;    // Write code here that turns the phrase above into concrete actions&#10;    throw new io.cucumber.java8.PendingException();&#10;});&#10;@When(&quot;I type {string} into element with xpath {string}&quot;)&#10;public void i_type_into_element_with_xpath(String string, String string2) {&#10;    // Write code here that turns the phrase above into concrete actions&#10;    throw new io.cucumber.java.PendingException();&#10;}&#10;When(&quot;I type {string} into element with xpath {string}&quot;, (String string, String string2) -&gt; {&#10;    // Write code here that turns the phrase above into concrete actions&#10;    throw new io.cucumber.java8.PendingException();&#10;});&#10;@Then(&quot;I click on element with xpath {string}&quot;)&#10;public void i_click_on_element_with_xpath(String string) {&#10;    // Write code here that turns the phrase above into concrete actions&#10;    throw new io.cucumber.java.PendingException();&#10;}&#10;Then(&quot;I click on element with xpath {string}&quot;, (String string) -&gt; {&#10;    // Write code here that turns the phrase above into concrete actions&#10;    throw new io.cucumber.java8.PendingException();&#10;});&#10;@Then(&quot;I wait for {int} sec&quot;)&#10;public void i_wait_for_sec(Integer int1) {&#10;    // Write code here that turns the phrase above into concrete actions&#10;    throw new io.cucumber.java.PendingException();&#10;}&#10;Then(&quot;I wait for {int} sec&quot;, (Integer int1) -&gt; {&#10;    // Write code here that turns the phrase above into concrete actions&#10;    throw new io.cucumber.java8.PendingException();&#10;});&#10;" type="io.cucumber.junit.UndefinedStepException"><![CDATA[io.cucumber.junit.UndefinedStepException: 
The step 'I open url "https://yandex.com"' and 9 other step(s) are undefined.
You can implement these steps using the snippet(s) below:

@Given("I open url {string}")
public void i_open_url(String string) {
    // Write code here that turns the phrase above into concrete actions
    throw new io.cucumber.java.PendingException();
}
Given("I open url {string}", (String string) -> {
    // Write code here that turns the phrase above into concrete actions
    throw new io.cucumber.java8.PendingException();
});
@Then("I should see page title contains {string}")
public void i_should_see_page_title_contains(String string) {
    // Write code here that turns the phrase above into concrete actions
    throw new io.cucumber.java.PendingException();
}
Then("I should see page title contains {string}", (String string) -> {
    // Write code here that turns the phrase above into concrete actions
    throw new io.cucumber.java8.PendingException();
});
@Then("element with xpath {string} should be present")
public void element_with_xpath_should_be_present(String string) {
    // Write code here that turns the phrase above into concrete actions
    throw new io.cucumber.java.PendingException();
}
Then("element with xpath {string} should be present", (String string) -> {
    // Write code here that turns the phrase above into concrete actions
    throw new io.cucumber.java8.PendingException();
});
@Then("I click on element using JavaScript with xpath {string}")
public void i_click_on_element_using_java_script_with_xpath(String string) {
    // Write code here that turns the phrase above into concrete actions
    throw new io.cucumber.java.PendingException();
}
Then("I click on element using JavaScript with xpath {string}", (String string) -> {
    // Write code here that turns the phrase above into concrete actions
    throw new io.cucumber.java8.PendingException();
});
@When("I type {string} into element with xpath {string}")
public void i_type_into_element_with_xpath(String string, String string2) {
    // Write code here that turns the phrase above into concrete actions
    throw new io.cucumber.java.PendingException();
}
When("I type {string} into element with xpath {string}", (String string, String string2) -> {
    // Write code here that turns the phrase above into concrete actions
    throw new io.cucumber.java8.PendingException();
});
@Then("I click on element with xpath {string}")
public void i_click_on_element_with_xpath(String string) {
    // Write code here that turns the phrase above into concrete actions
    throw new io.cucumber.java.PendingException();
}
Then("I click on element with xpath {string}", (String string) -> {
    // Write code here that turns the phrase above into concrete actions
    throw new io.cucumber.java8.PendingException();
});
@Then("I wait for {int} sec")
public void i_wait_for_sec(Integer int1) {
    // Write code here that turns the phrase above into concrete actions
    throw new io.cucumber.java.PendingException();
}
Then("I wait for {int} sec", (Integer int1) -> {
    // Write code here that turns the phrase above into concrete actions
    throw new io.cucumber.java8.PendingException();
});

]]></error>
    <system-out><![CDATA[e "Behavior Driven Development" into element with xpath "//input[@id='q']"&amp#27;[0m
  &amp#27;[36mThen &amp#27;[0m&amp#27;[36mI click on element with xpath "//input[@id='q']/..//button"&amp#27;[0m
  &amp#27;[36mThen &amp#27;[0m&amp#27;[36mI wait for element with xpath "//section[@class='w-gl w-gl--desktop w-gl--']" to be present&amp#27;[0m
  &amp#27;[36mThen &amp#27;[0m&amp#27;[36melement with xpath "//section[@class='w-gl w-gl--desktop w-gl--']" should contain text "BDD"&amp#27;[0m

@predefined @predefined9
Scenario: Predefined steps for Yandex                                                  INFO 10:09:51:818 wdm.WebDriverManager resolveDriverVersion:1197 Using chromedriver 109.0.5414.74 (resolved driver for Chrome 109)
INFO 10:09:51:827 wdm.WebDriverManager exportDriver:1252 Exporting webdriver.chrome.driver as C:\Users\ilyas\.cache\selenium\chromedriver\win32\109.0.5414.74\chromedriver.exe
          &amp#27;[90m# src/test/resources/features/predefined.feature:82&amp#27;[0m
  &amp#27;[33mGiven &amp#27;[0m&amp#27;[33mI open url "https://yandex.com"&amp#27;[0m
  &amp#27;[36mThen &amp#27;[0m&amp#27;[36mI should see page title contains "Yandex"&amp#27;[0m
[...]
}
Then("element with xpath {string} should be displayed", (String string) -> {
    // Write code here that turns the phrase above into concrete actions
    throw new io.cucumber.java8.PendingException();
});

]]></error>
    <system-out><![CDATA[acyPolicy-error']" should contain text "Must check!"&amp#27;[0m
  &amp#27;[36mWhen &amp#27;[0m&amp#27;[36mI click on element with xpath "//input[@name='agreedToPrivacyPolicy']"&amp#27;[0m
  &amp#27;[36mThen &amp#27;[0m&amp#27;[36melement with xpath "//input[@name='agreedToPrivacyPolicy']" should be selected&amp#27;[0m
  &amp#27;[36mAnd &amp#27;[0m&amp#27;[36melement with xpath "//label[@id='agreedToPrivacyPolicy-error']" should not be displayed&amp#27;[0m

@predefined @predefined18 @smoke
Scenario: Try entering the following non-required fields in the order:                                    &amp#27;[90m# src/test/resources/features/predeINFO 10:10:17:658 wdm.WebDriverManager resolveDriverVersion:1197 Using chromedriver 109.0.5414.74 (resolved driver for Chrome 109)
INFO 10:10:17:663 wdm.WebDriverManager exportDriver:1252 Exporting webdriver.chrome.driver as C:\Users\ilyas\.cache\selenium\chromedriver\win32\109.0.5414.74\chromedriver.exe
fined.feature:228&amp#27;[0m
  &amp#27;[33mGiven &amp#27;[0m&amp#27;[33mI open url "https://skryabin.com/market/quote.html"&amp#27;[0m
  &amp#27;[36mThen &amp#27;[0m&amp#27;[36mI wait for 3 sec&amp#27;[0m
  &amp#27;[36mWhen &amp#27;[0m&amp#27;[36mI type "+1213232424" into element with xpath "//input[@name='phone']"&amp#27;[0m
  &amp#27;[36mWhen &amp#27;[0m&amp#27;[36mI click on element with xpath "//select[@name='countryOfOrigin']/option[@value='Russia']"&amp#27;[0m
  &amp#27;[36mWhen &amp#27;[0m&amp#27;[36mI click on element with xpath "//input[@name='gender'][@value='female']"&amp#27;[0m
  &amp#27;[36mWhen &amp#27;[0m&amp#27;[36mI click on element with xpath "//input[@name='allowedToContact']"&amp#27;[0m
  &amp#27;[36mWhen &amp#27;[0m&amp#27;[36mI type "2344 Budapest Andrassy 122, 2/A" into element with xpath "//textarea[@id='address']"&amp#27;[0m
  &amp#27;[36mWhen &amp#27;[0m&amp#27;[36mI click on element with xpath "//select[@name='carMake']/option[@value='BMW']"&amp#27;[0m
  &amp#27;[36mWhen &amp#27;[0m&amp#27;[36mI click on element with xpath "//button[@onclick='thirdPartyAlert()']"&amp#27;[0m
  &amp#27;[36mThen &amp#27;[0m&amp#27;[36mI wait for 3 sec&amp#27;[0m
  &amp#27;[36mAnd &amp#27;[0m&amp#27;[36melement with xpath "//input[@id='thirdPartyAgreement']" should have attribute "value" as "accepted"&amp#27;[0m
  &amp#27;[36mWhen &amp#27;[0m&amp#27;[36mI click on element with xpath "//input[@id='dateOfBi]]></system-out>
    <system-err><![CDATA[ChromeDriver was started successfully.
Feb 01, 2023 10:10:20 AM org.openqa.selenium.remote.ProtocolHandshake createSession
INFO: Detected upstream dialect: W3C
Feb 01, 2023 10:10:20 AM org.openqa.selenium.devtools.CdpVersionFinder findNearestMatch
WARNING: Unable to find an exact match for CDP version 109, so returning the closest version found: a no-op implementation
Feb 01, 2023 10:10:20 AM org.openqa.selenium.devtools.CdpVersionFinder findNearestMatch
INFO: Unable to find CDP implementation matching 109.
Feb 01, 2023 10:10:20 AM org.openqa.selenium.chromium.ChromiumDriver lambda$new$3
WARNING: Unable to find version of CDP to use for . You may need to include a dependency on a specific version of the CDP using something similar to `org.seleniumhq.selenium:selenium-devtools-v86:4.2.1` where the version ("v86") matches the version of the chromium-based browser you're using and the version number of the artifact is the same as Selenium's.
]]></system-err>
  </testcase>
  <testcase name="Submit the form and verify the data." classname="Smoke steps" time="2.708">
    <error message="The step &apos;I open url &quot;https://skryabin.com/market/quote.html&quot;&apos; and 39 other step(s) are undefined.&#10;You can implement these steps using the snippet(s) below:&#10;&#10;@Given(&quot;I open url {string}&quot;)&#10;public void i_open_url(String string) {&#10;    // Write code here that turns the phrase above into concrete actions&#10;    throw new io.cucumber.java.PendingException();&#10;}&#10;Given(&quot;I open url {string}&quot;, (String string) -&gt; {&#10;    // Write code here that turns the phrase above into concrete actions&#10;    throw new io.cucumber.java8.PendingException();&#10;});&#10;@Then(&quot;I wait for {int} sec&quot;)&#10;public void i_wait_for_sec(Integer int1) {&#10;    // Write code here that turns the phrase above into concrete actions&#10;    throw new io.cucumber.java.PendingException();&#10;}&#10;Then(&quot;I wait for {int} sec&quot;, (Integer int1) -&gt; {&#10;    // Write code here that turns the phrase above into concrete actions&#10;    throw new io.cucumber.java8.PendingException();&#10;});&#10;@When(&quot;I type {string} into element with xpath {string}&quot;)&#10;public void i_type_into_element_with_xpath(String string, String string2) {&#10;    // Write code here that turns the phrase above into concrete actions&#10;    throw new io.cucumber.java.PendingException();&#10;}&#10;When(&quot;I type {string} into element with xpath {string}&quot;, (String string, String string2) -&gt; {&#10;    // Write code here that turns the phrase above into concrete actions&#10;    throw new io.cucumber.java8.PendingException();&#10;});&#10;@When(&quot;I click on element with xpath {string}&quot;)&#10;public void i_click_on_element_with_xpath(String string) {&#10;    // Write code here that turns the phrase above into concrete actions&#10;    throw new io.cucumber.java.PendingException();&#10;}&#10;When(&quot;I click on element with xpath {string}&quot;, (String string) -&gt; {&#10;    // Write code here that turns the phrase above into concrete actions&#10;    throw new io.cucumber.java8.PendingException();&#10;});&#10;@Then(&quot;element with xpath {string} should be displayed&quot;)&#10;public void element_with_xpath_should_be_displayed(String string) {&#10;    // Write code here that turns the phrase above into concrete actions&#10;    throw new io.cucumber.java.PendingException();&#10;}&#10;Then(&quot;element with xpath {string} should be displayed&quot;, (String string) -&gt; {&#10;    // Write code here that turns the phrase above into concrete actions&#10;    throw new io.cucumber.java8.PendingException();&#10;});&#10;@Then(&quot;element with xpath {string} should have attribute {string} as {string}&quot;)&#10;public void element_with_xpath_should_have_attribute_as(String string, String string2, String string3) {&#10;    // Write code here that turns the phrase above into concrete actions&#10;    throw new io.cucumber.java.PendingException();&#10;}&#10;Then(&quot;element with xpath {string} should have attribute {string} as {string}&quot;, (String string, String string2, String string3) -&gt; {&#10;    // Write code here that turns the phrase above into concrete actions&#10;    throw new io.cucumber.java8.PendingException();&#10;});&#10;@Then(&quot;element with xpath {string} should be present&quot;)&#10;public void element_with_xpath_should_be_present(String string) {&#10;    // Write code here that turns the phrase above into concrete actions&#10;    throw new io.cucumber.java.PendingException();&#10;}&#10;Then(&quot;element with xpath {string} should be present&quot;, (String string) -&gt; {&#10;    // Write code here that turns the phrase above into concrete actions&#10;    throw new io.cucumber.java8.PendingException();&#10;});&#10;@Then(&quot;element with xpath {string} should not be displayed&quot;)&#10;public void element_with_xpath_should_not_be_displayed(String string) {&#10;    // Write code here that turns the phrase above into concrete actions&#10;    throw new io.cucumber.java.PendingException();&#10;}&#10;Then(&quot;element with xpath {string} should not be displayed&quot;, (String string) -&gt; {&#10;    // Write code here that turns the phrase above into concrete actions&#10;    throw new io.cucumber.java8.PendingException();&#10;});&#10;@Then(&quot;element with xpath {string} should have text as {string}&quot;)&#10;public void element_with_xpath_should_have_text_as(String string, String string2) {&#10;    // Write code here that turns the phrase above into concrete actions&#10;    throw new io.cucumber.java.PendingException();&#10;}&#10;Then(&quot;element with xpath {string} should have text as {string}&quot;, (String string, String string2) -&gt; {&#10;    // Write code here that turns the phrase above into concrete actions&#10;    throw new io.cucumber.java8.PendingException();&#10;});&#10;" type="io.cucumber.junit.UndefinedStepException"><![CDATA[io.cucumber.junit.UndefinedStepException: 
The step 'I open url "https://skryabin.com/market/quote.html"' and 39 other step(s) are undefined.
You can implement these steps using the snippet(s) below:

@Given("I open url {string}")
public void i_open_url(String string) {
    // Write code here that turns the phrase above into concrete actions
    throw new io.cucumber.java.PendingException();
}
Given("I open url {string}", (String string) -> {
    // Write code here that turns the phrase above into concrete actions
    throw new io.cucumber.java8.PendingException();
});
@Then("I wait for {int} sec")
public void i_wait_for_sec(Integer int1) {
    // Write code here that turns the phrase above into concrete actions
    throw new io.cucumber.java.PendingException();
}
Then("I wait for {int} sec", (Integer int1) -> {
    // Write code here that turns the phrase above into concrete actions
    throw new io.cucumber.java8.PendingException();
});
@When("I type {string} into element with xpath {string}")
public void i_type_into_element_with_xpath(String string, String string2) {
    // Write code here that turns the phrase above into concrete actions
    throw new io.cucumber.java.PendingException();
}
When("I type {string} into element with xpath {string}", (String string, String string2) -> {
    // Write code here that turns the phrase above into concrete actions
    throw new io.cucumber.java8.PendingException();
});
@When("I click on element with xpath {string}")
public void i_click_on_element_with_xpath(String string) {
    // Write code here that turns the phrase above into concrete actions
    throw new io.cucumber.java.PendingException();
}
When("I click on element with xpath {string}", (String string) -> {
    // Write code here that turns the phrase above into concrete actions
    throw new io.cucumber.java8.PendingException();
});
@Then("element with xpath {string} should be displayed")
public void element_with_xpath_should_be_displayed(String string) {
    // Write code here that turns the phrase above into concrete actions
    throw new io.cucumber.java.PendingException();
}
Then("element with xpath {string} should be displayed", (String string) -> {
    // Write code here that turns the phrase above into concrete actions
    throw new io.cucumber.java8.PendingException();
});
@Then("element with xpath {string} should have attribute {string} as {string}")
public void element_with_xpath_should_have_attribute_as(String string, String string2, String string3) {
    // Write code here that turns the phrase above into concrete actions
    throw new io.cucumber.java.PendingException();
}
Then("element with xpath {string} should have attribute {string} as {string}", (String string, String string2, String string3) -> {
    // Write code here that turns the phrase above into concrete actions
    throw new io.cucumber.java8.PendingException();
});
@Then("element with xpath {string} should be present")
public void element_with_xpath_should_be_present(String string) {
    // Write code here that turns the phrase above into concrete actions
    throw new io.cucumber.java.PendingException();
}
Then("element with xpath {string} should be present", (String string) -> {
    // Write code here that turns the phrase above into concrete actions
    throw new io.cucumber.java8.PendingException();
});
@Then("element with xpath {string} should not be displayed")
public void element_with_xpath_should_not_be_displayed(String string) {
    // Write code here that turns the phrase above into concrete actions
    throw new io.cucumber.java.PendingException();
}
Then("element with xpath {string} should not be displayed", (String string) -> {
    // Write code here that turns the phrase above into concrete actions
    throw new io.cucumber.java8.PendingException();
});
@Then("element with xpath {string} should have text as {string}")
public void element_with_xpath_should_have_text_as(String string, String string2) {
    // Write code here that turns the phrase above into concrete actions
    throw new io.cucumber.java.PendingException();
}
Then("element with xpath {string} should have text as {string}", (String string, String string2) -> {
    // Write code here that turns the phrase above into concrete actions
    throw new io.cucumber.java8.PendingException();
});

]]></error>
    <system-out><![CDATA[rth']"&amp#27;[0m
  &amp#27;[36mThen &amp#27;[0m&amp#27;[36melement with xpath "//div[@id='ui-datepicker-div']" should be displayed&amp#27;[0m
  &amp#27;[36mWhen &amp#27;[0m&amp#27;[36mI click on element with xpath "//select[@data-handler='selectMonth']/option[@value='2']"&amp#27;[0m
  &amp#27;[36mWhen &amp#27;[0m&amp#27;[36mI click on element with xpath "//select[@data-handler='selectYear']/option[@value='1993']"&amp#27;[0m
  &amp#27;[36mWhen &amp#27;[0m&amp#27;[36mI click on element with xpath "//a[contains(text(),'16')]"&amp#27;[0m
  &amp#27;[36mThen &amp#27;[0m&amp#27;[36mI wait for 3 sec&amp#27;[0m

@predefined @predefined19 @smoke
Scenario: Submit the form and verify the data.     INFO 10:10:20:706 wdm.WebDriverManager resolveDriverVersion:1197 Using chromedriver 109.0.5414.74 (resolved driver for Chrome 109)
INFO 10:10:20:712 wdm.WebDriverManager exportDriver:1252 Exporting webdriver.chrome.driver as C:\Users\ilyas\.cache\selenium\chromedriver\win32\109.0.5414.74\chromedriver.exe
                                                                       &amp#27;[90m# src/test/resources/features/predefined.feature:258&amp#27;[0m
  &amp#27;[33mGiven &amp#27;[0m&amp#27;[33mI open url "https://skryabin.com/market/quote.html"&amp#27;[0m
  &amp#27;[36mThen &amp#27;[0m&amp#27;[36mI wait for 3 sec&amp#27;[0m
  &amp#27;[36mWhen &amp#27;[0m&amp#27;[36mI type "lenapost@mail.com" into element with xpath "//input[@name='email']"&amp#27;[0m
  &amp#27;[36mWhen &amp#27;[0m&amp#27;[36mI type "lena001" into element with xpath "//input[@name='username']"&amp#27;[0m
  &amp#27;[36mWhen &amp#27;[0m&amp#27;[36mI click on element with xpath "//input[@id='name']"&amp#27;[0m
  &amp#27;[36mThen &amp#27;[0m&amp#27;[36melement with xpath "//div[@aria-describedby='nameDialog']" should be displayed&amp#27;[0m
  &amp#27;[36mWhen &amp#27;[0m&amp#27;[36mI type "Elena" into element with xpath "//input[@id='firstName']"&amp#27;[0m
  &amp#27;[36mWhen &amp#27;[0m&amp#27;[36mI type "Evgenyevna" into element with xpath "//input[@id='middleName']"&amp#27;[0m
  &amp#27;[36mWhen &amp#27;[0m&amp#27;[36mI type "Mutykova" into element with xpath "//input[@id='lastName']"&amp#27;[0m
  &amp#27;[36mWhen &amp#27;[0m&amp#27;[36mI click on element with xpath "//span[contains(text(), 'Save')]/."&amp#27;[0m
  &amp#27;[36mWhen &amp#27;[0m&amp#27;[36mI type "+1213232424" into element with xpath "//input[@name='phone']"&amp#27;[0m
  &amp#27;[36mWhen &amp#27;[0m&amp#27;[36mI click on element with xpath "//select[@name='countryOfOrigin']/option[@value='Russia']"&amp#27;[0m
  &amp#27;[36mWhen &amp#27;[0m&amp#27;[36mI click on element with xpath "//input[@name='gender'][@value='female']"&amp#27;[0m
  &amp#27;[36mWhen &amp#27;[0m&amp#27;[36mI click on element with xpath "//input[@name='allowedToContact']"&amp#27;[0m
  &amp#27;[36mWhen &amp#27;[0m&amp#27;[36mI type "2344 Budapest Andrassy 122, 2/A" into element with xpath "//textarea[@id='address']"&amp#27;[0m
  &amp#27;[36mWhen &amp#27;[0m&amp#27;[36mI click on element with xpath "//select[@name='carMake']/option[@value='BMW']"&amp#27;[0m
  &amp#27;[36mWhen &amp#27;[0m&amp#27;[36mI click on element with xpath "//button[@onclick='thirdPartyAlert()']"&amp#27;[0m
  &amp#27;[36mThen &amp#27;[0m&amp#27;[36mI wait for 3 sec&amp#27;[0m
  &amp#27;[36mThen &amp#27;[0m&amp#27;[36melement with xpath "//input[@id='thirdPartyAgreement']" should have attribute "value" as "accepted"&amp#27;[0m
  &amp#27;[36mWhen &amp#27;[0m&amp#27;[36mI click on element with xpath "//input[@id='dateOfBirth']"&amp#27;[0m
  &amp#27;[36mThen &amp#27;[0m&amp#27;[36melement with xpath "//div[@id='ui-datepicker-div']" should be displayed&amp#27;[0m
  &amp#27;[36mWhen &amp#27;[0m&amp#27;[36mI click on element with xpath "//select[@data-handler='selectMonth']/option[@value='2']"&amp#27;[0m
  &amp#27;[36mWhen &amp#27;[0m&amp#27;[36mI click on element with xpath "//select[@data-handler='selectYear']/option[@value='1993']"&amp#27;[0m
  &amp#27;[36mWhen &amp#27;[0m&amp#27;[36mI click on element with xpath "//a[contains(text(),'16')]"&amp#27;[0m
  &amp#27;[36mThen &amp#27;[0m&amp#27;[36mI wait for 2 sec&amp#27;[0m
  &amp#27;[36mWhen &amp#27;[0m&amp#27;[36mI click on element with xpath "//button[@id='formSubmit']"&amp#27;[0m
  &amp#27;[36mThen &amp#27;[0m&amp#27;[36melement with xpath "//label[@id='password-error'][contains(text(),'This field is required.')]" should be displayed&amp#27;[0m
  &amp#27;[36mAnd &amp#27;[0m&amp#27;[36melement with xpath "//div[@id='quotePageResult']" should be present&amp#27;[0m
  &amp#27;[36mAnd &amp#27;[0m&amp#27;[36melement with xpath "//b[@name='password']" should not be displayed&amp#27;[0m
  &amp#27;[36mAnd &amp#27;[0m&amp#27;[36melement with xpath "//b[@name='name']" should have text as "Elena Evgenyevna Mutykova"&amp#27;[0m
  &amp#27;[36mAnd &amp#27;[0m&amp#27;[36melement with xpath "//legend/../section" should have text as "1213232424"&amp#27;[0m
  &amp#27;[36mAnd &amp#27;[0m&amp#27;[36melement with xpath "//b[@name='username'][contains(text(),'lena001')]" should be present&amp#27;[0m
  &amp#27;[36mAnd &amp#27;[0m&amp#27;[36melement with xpath "//b[@name='email'][contains(text(),'lenapost@mail.com')]" should be present&amp#27;[0m
  &amp#27;[36mAnd &amp#27;[0m&amp#27;[36melement with xpath "//b[@name='dateOfBirth'][contains(text(),'03/16/1993')]" should be present&amp#27;[0m
  &amp#27;[36mAnd &amp#27;[0m&amp#27;[36melement with xpath "//b[@name='countryOfOrigin'][contains(text(),'Russia')]" should be present&amp#27;[0m
  &amp#27;[36mAnd &amp#27;[0m&amp#27;[36melement with xpath "//b[@name='gender'][contains(text(),'female')]" should be present&amp#27;[0m
  &amp#27;[36mAnd &amp#27;[0m&amp#27;[36melement with xpath "//b[@name='address'][contains(text(),'2344 Budapest Andrassy 122, 2/A')]" should be present&amp#27;[0m
  &amp#27;[36mAnd &amp#27;[0m&amp#27;[36melement with xpath "//b[@name='carMake'][contains(text(),'BMW')]" s]]></system-out>
    <system-err><![CDATA[ChromeDriver was started successfully.
Feb 01, 2023 10:10:23 AM org.openqa.selenium.remote.ProtocolHandshake createSession
INFO: Detected upstream dialect: W3C
Feb 01, 2023 10:10:23 AM org.openqa.selenium.devtools.CdpVersionFinder findNearestMatch
WARNING: Unable to find an exact match for CDP version 109, so returning the closest version found: a no-op implementation
Feb 01, 2023 10:10:23 AM org.openqa.selenium.devtools.CdpVersionFinder findNearestMatch
INFO: Unable to find CDP implementation matching 109.
Feb 01, 2023 10:10:23 AM org.openqa.selenium.chromium.ChromiumDriver lambda$new$3
WARNING: Unable to find version of CDP to use for . You may need to include a dependency on a specific version of the CDP using something similar to `org.seleniumhq.selenium:selenium-devtools-v86:4.2.1` where the version ("v86") matches the version of the chromium-based browser you're using and the version number of the artifact is the same as Selenium's.
]]></system-err>
  </testcase>
</testsuite>